Title:  *test 
Date: Thu Jun 10 20:35:57 2021
Plotname: Harmonic Balance Steady State Analysis
Flags: real
No. Variables: 4
No. Points: 325
Command: version 0.1
Variables: 
	0	time	s
	1	v(2)	V
	2	v(1)	V
	3	v1#branch	A
Values:
0	 0.000000e+00
	 3.095774e-17
	-6.665022e-06
	-6.665022e-06
1	 3.086420e-09
	 1.939133e-02
	 1.938458e-02
	-6.751015e-06
2	 6.172840e-09
	 3.877537e-02
	 3.876855e-02
	-6.820960e-06
3	 9.259259e-09
	 5.814483e-02
	 5.813793e-02
	-6.896035e-06
4	 1.234568e-08
	 7.749242e-02
	 7.748546e-02
	-6.965383e-06
5	 1.543210e-08
	 9.681087e-02
	 9.680384e-02
	-7.033990e-06
6	 1.851852e-08
	 1.160929e-01
	 1.160858e-01
	-7.098097e-06
7	 2.160494e-08
	 1.353313e-01
	 1.353241e-01
	-7.160386e-06
8	 2.469136e-08
	 1.545188e-01
	 1.545116e-01
	-7.218778e-06
9	 2.777778e-08
	 1.736482e-01
	 1.736409e-01
	-7.275057e-06
10	 3.086420e-08
	 1.927123e-01
	 1.927049e-01
	-7.328199e-06
11	 3.395062e-08
	 2.117039e-01
	 2.116965e-01
	-7.379950e-06
12	 3.703704e-08
	 2.306159e-01
	 2.306084e-01
	-7.430686e-06
13	 4.012346e-08
	 2.494411e-01
	 2.494337e-01
	-7.483430e-06
14	 4.320988e-08
	 2.681726e-01
	 2.681651e-01
	-7.541650e-06
15	 4.629630e-08
	 2.868032e-01
	 2.867956e-01
	-7.612675e-06
16	 4.938272e-08
	 3.053260e-01
	 3.053183e-01
	-7.707379e-06
17	 5.246914e-08
	 3.237339e-01
	 3.237261e-01
	-7.843635e-06
18	 5.555556e-08
	 3.420201e-01
	 3.420121e-01
	-8.047514e-06
19	 5.864198e-08
	 3.601777e-01
	 3.601694e-01
	-8.356172e-06
20	 6.172840e-08
	 3.781999e-01
	 3.781910e-01
	-8.818615e-06
21	 6.481481e-08
	 3.960798e-01
	 3.960703e-01
	-9.495668e-06
22	 6.790123e-08
	 4.138107e-01
	 4.138003e-01
	-1.045785e-05
23	 7.098765e-08
	 4.313861e-01
	 4.313743e-01
	-1.178137e-05
24	 7.407407e-08
	 4.487992e-01
	 4.487856e-01
	-1.354372e-05
25	 7.716049e-08
	 4.660435e-01
	 4.660277e-01
	-1.581756e-05
26	 8.024691e-08
	 4.831126e-01
	 4.830939e-01
	-1.866549e-05
27	 8.333333e-08
	 5.000000e-01
	 4.999779e-01
	-2.213469e-05
28	 8.641975e-08
	 5.166994e-01
	 5.166731e-01
	-2.625268e-05
29	 8.950617e-08
	 5.332044e-01
	 5.331734e-01
	-3.102515e-05
30	 9.259259e-08
	 5.495090e-01
	 5.494725e-01
	-3.643673e-05
31	 9.567901e-08
	 5.656069e-01
	 5.655644e-01
	-4.245342e-05
32	 9.876543e-08
	 5.814921e-01
	 5.814430e-01
	-4.902764e-05
33	 1.018519e-07
	 5.971586e-01
	 5.971025e-01
	-5.610251e-05
34	 1.049383e-07
	 6.126005e-01
	 6.125369e-01
	-6.361710e-05
35	 1.080247e-07
	 6.278121e-01
	 6.277406e-01
	-7.150928e-05
36	 1.111111e-07
	 6.427876e-01
	 6.427079e-01
	-7.971904e-05
37	 1.141975e-07
	 6.575214e-01
	 6.574332e-01
	-8.818919e-05
38	 1.172840e-07
	 6.720079e-01
	 6.719110e-01
	-9.686735e-05
39	 1.203704e-07
	 6.862416e-01
	 6.861359e-01
	-1.057048e-04
40	 1.234568e-07
	 7.002173e-01
	 7.001027e-01
	-1.146584e-04
41	 1.265432e-07
	 7.139297e-01
	 7.138060e-01
	-1.236878e-04
42	 1.296296e-07
	 7.273736e-01
	 7.272409e-01
	-1.327581e-04
43	 1.327160e-07
	 7.405440e-01
	 7.404022e-01
	-1.418365e-04
44	 1.358025e-07
	 7.534359e-01
	 7.532850e-01
	-1.508946e-04
45	 1.388889e-07
	 7.660444e-01
	 7.658845e-01
	-1.599059e-04
46	 1.419753e-07
	 7.783649e-01
	 7.781961e-01
	-1.688473e-04
47	 1.450617e-07
	 7.903927e-01
	 7.902150e-01
	-1.776971e-04
48	 1.481481e-07
	 8.021232e-01
	 8.019368e-01
	-1.864362e-04
49	 1.512346e-07
	 8.135521e-01
	 8.133570e-01
	-1.950466e-04
50	 1.543210e-07
	 8.246750e-01
	 8.244715e-01
	-2.035125e-04
51	 1.574074e-07
	 8.354878e-01
	 8.352760e-01
	-2.118190e-04
52	 1.604938e-07
	 8.459864e-01
	 8.457665e-01
	-2.199527e-04
53	 1.635802e-07
	 8.561669e-01
	 8.559390e-01
	-2.279011e-04
54	 1.666667e-07
	 8.660254e-01
	 8.657898e-01
	-2.356527e-04
55	 1.697531e-07
	 8.755582e-01
	 8.753150e-01
	-2.431969e-04
56	 1.728395e-07
	 8.847618e-01
	 8.845113e-01
	-2.505240e-04
57	 1.759259e-07
	 8.936326e-01
	 8.933750e-01
	-2.576249e-04
58	 1.790123e-07
	 9.021674e-01
	 9.019029e-01
	-2.644911e-04
59	 1.820988e-07
	 9.103629e-01
	 9.100918e-01
	-2.711149e-04
60	 1.851852e-07
	 9.182161e-01
	 9.179386e-01
	-2.774892e-04
61	 1.882716e-07
	 9.257240e-01
	 9.254404e-01
	-2.836069e-04
62	 1.913580e-07
	 9.328837e-01
	 9.325942e-01
	-2.894621e-04
63	 1.944444e-07
	 9.396926e-01
	 9.393976e-01
	-2.950487e-04
64	 1.975309e-07
	 9.461482e-01
	 9.458478e-01
	-3.003616e-04
65	 2.006173e-07
	 9.522479e-01
	 9.519425e-01
	-3.053955e-04
66	 2.037037e-07
	 9.579895e-01
	 9.576794e-01
	-3.101461e-04
67	 2.067901e-07
	 9.633709e-01
	 9.630563e-01
	-3.146088e-04
68	 2.098765e-07
	 9.683900e-01
	 9.680712e-01
	-3.187799e-04
69	 2.129630e-07
	 9.730449e-01
	 9.727222e-01
	-3.226557e-04
70	 2.160494e-07
	 9.773339e-01
	 9.770076e-01
	-3.262330e-04
71	 2.191358e-07
	 9.812553e-01
	 9.809258e-01
	-3.295086e-04
72	 2.222222e-07
	 9.848078e-01
	 9.844753e-01
	-3.324799e-04
73	 2.253086e-07
	 9.879898e-01
	 9.876547e-01
	-3.351445e-04
74	 2.283951e-07
	 9.908004e-01
	 9.904629e-01
	-3.375002e-04
75	 2.314815e-07
	 9.932384e-01
	 9.928988e-01
	-3.395451e-04
76	 2.345679e-07
	 9.953028e-01
	 9.949615e-01
	-3.412776e-04
77	 2.376543e-07
	 9.969929e-01
	 9.966502e-01
	-3.426962e-04
78	 2.407407e-07
	 9.983082e-01
	 9.979644e-01
	-3.438000e-04
79	 2.438272e-07
	 9.992480e-01
	 9.989034e-01
	-3.445879e-04
80	 2.469136e-07
	 9.998120e-01
	 9.994669e-01
	-3.450594e-04
81	 2.500000e-07
	 1.000000e+00
	 9.996548e-01
	-3.452141e-04
82	 2.530864e-07
	 9.998120e-01
	 9.994669e-01
	-3.450518e-04
83	 2.561728e-07
	 9.992480e-01
	 9.989034e-01
	-3.445727e-04
84	 2.592593e-07
	 9.983082e-01
	 9.979644e-01
	-3.437771e-04
85	 2.623457e-07
	 9.969929e-01
	 9.966503e-01
	-3.426655e-04
86	 2.654321e-07
	 9.953028e-01
	 9.949616e-01
	-3.412390e-04
87	 2.685185e-07
	 9.932384e-01
	 9.928989e-01
	-3.394984e-04
88	 2.716049e-07
	 9.908004e-01
	 9.904630e-01
	-3.374452e-04
89	 2.746914e-07
	 9.879898e-01
	 9.876548e-01
	-3.350810e-04
90	 2.777778e-07
	 9.848078e-01
	 9.844753e-01
	-3.324076e-04
91	 2.808642e-07
	 9.812553e-01
	 9.809259e-01
	-3.294271e-04
92	 2.839506e-07
	 9.773339e-01
	 9.770077e-01
	-3.261419e-04
93	 2.870370e-07
	 9.730449e-01
	 9.727223e-01
	-3.225547e-04
94	 2.901235e-07
	 9.683900e-01
	 9.680713e-01
	-3.186685e-04
95	 2.932099e-07
	 9.633709e-01
	 9.630564e-01
	-3.144864e-04
96	 2.962963e-07
	 9.579895e-01
	 9.576795e-01
	-3.100120e-04
97	 2.993827e-07
	 9.522479e-01
	 9.519426e-01
	-3.052492e-04
98	 3.024691e-07
	 9.461482e-01
	 9.458480e-01
	-3.002021e-04
99	 3.055556e-07
	 9.396926e-01
	 9.393977e-01
	-2.948753e-04
100	 3.086420e-07
	 9.328837e-01
	 9.325944e-01
	-2.892737e-04
101	 3.117284e-07
	 9.257240e-01
	 9.254406e-01
	-2.834025e-04
102	 3.148148e-07
	 9.182161e-01
	 9.179388e-01
	-2.772674e-04
103	 3.179012e-07
	 9.103629e-01
	 9.100921e-01
	-2.708745e-04
104	 3.209877e-07
	 9.021674e-01
	 9.019032e-01
	-2.642303e-04
105	 3.240741e-07
	 8.936326e-01
	 8.933753e-01
	-2.573419e-04
106	 3.271605e-07
	 8.847618e-01
	 8.845116e-01
	-2.502169e-04
107	 3.302469e-07
	 8.755582e-01
	 8.753154e-01
	-2.428633e-04
108	 3.333333e-07
	 8.660254e-01
	 8.657901e-01
	-2.352900e-04
109	 3.364198e-07
	 8.561669e-01
	 8.559394e-01
	-2.275063e-04
110	 3.395062e-07
	 8.459864e-01
	 8.457669e-01
	-2.195224e-04
111	 3.425926e-07
	 8.354878e-01
	 8.352765e-01
	-2.113492e-04
112	 3.456790e-07
	 8.246750e-01
	 8.244720e-01
	-2.029987e-04
113	 3.487654e-07
	 8.135521e-01
	 8.133576e-01
	-1.944835e-04
114	 3.518519e-07
	 8.021232e-01
	 8.019374e-01
	-1.858178e-04
115	 3.549383e-07
	 7.903927e-01
	 7.902157e-01
	-1.770163e-04
116	 3.580247e-07
	 7.783649e-01
	 7.781968e-01
	-1.680959e-04
117	 3.611111e-07
	 7.660444e-01
	 7.658854e-01
	-1.590742e-04
118	 3.641975e-07
	 7.534359e-01
	 7.532859e-01
	-1.499711e-04
119	 3.672840e-07
	 7.405440e-01
	 7.404032e-01
	-1.408080e-04
120	 3.703704e-07
	 7.273736e-01
	 7.272420e-01
	-1.316086e-04
121	 3.734568e-07
	 7.139297e-01
	 7.138073e-01
	-1.223988e-04
122	 3.765432e-07
	 7.002173e-01
	 7.001041e-01
	-1.132073e-04
123	 3.796296e-07
	 6.862416e-01
	 6.861376e-01
	-1.040653e-04
124	 3.827160e-07
	 6.720079e-01
	 6.719129e-01
	-9.500756e-05
125	 3.858025e-07
	 6.575214e-01
	 6.574353e-01
	-8.607180e-05
126	 3.888889e-07
	 6.427876e-01
	 6.427103e-01
	-7.729945e-05
127	 3.919753e-07
	 6.278121e-01
	 6.277434e-01
	-6.873557e-05
128	 3.950617e-07
	 6.126005e-01
	 6.125401e-01
	-6.042848e-05
129	 3.981481e-07
	 5.971586e-01
	 5.971062e-01
	-5.242929e-05
130	 4.012346e-07
	 5.814921e-01
	 5.814473e-01
	-4.479200e-05
131	 4.043210e-07
	 5.656069e-01
	 5.655693e-01
	-3.757087e-05
132	 4.074074e-07
	 5.495090e-01
	 5.494782e-01
	-3.081987e-05
133	 4.104938e-07
	 5.332044e-01
	 5.331798e-01
	-2.458894e-05
134	 4.135802e-07
	 5.166994e-01
	 5.166804e-01
	-1.892217e-05
135	 4.166667e-07
	 5.000000e-01
	 4.999861e-01
	-1.385324e-05
136	 4.197531e-07
	 4.831126e-01
	 4.831032e-01
	-9.403284e-06
137	 4.228395e-07
	 4.660435e-01
	 4.660379e-01
	-5.577134e-06
138	 4.259259e-07
	 4.487992e-01
	 4.487968e-01
	-2.362901e-06
139	 4.290123e-07
	 4.313861e-01
	 4.313863e-01
	 2.690131e-07
140	 4.320988e-07
	 4.138107e-01
	 4.138131e-01
	 2.363428e-06
141	 4.351852e-07
	 3.960798e-01
	 3.960837e-01
	 3.978367e-06
142	 4.382716e-07
	 3.781999e-01
	 3.782050e-01
	 5.180375e-06
143	 4.413580e-07
	 3.601777e-01
	 3.601838e-01
	 6.040895e-06
144	 4.444444e-07
	 3.420201e-01
	 3.420268e-01
	 6.630674e-06
145	 4.475309e-07
	 3.237339e-01
	 3.237410e-01
	 7.015657e-06
146	 4.506173e-07
	 3.053260e-01
	 3.053333e-01
	 7.252553e-06
147	 4.537037e-07
	 2.868032e-01
	 2.868106e-01
	 7.387177e-06
148	 4.567901e-07
	 2.681726e-01
	 2.681801e-01
	 7.453644e-06
149	 4.598765e-07
	 2.494411e-01
	 2.494486e-01
	 7.476095e-06
150	 4.629630e-07
	 2.306159e-01
	 2.306233e-01
	 7.470381e-06
151	 4.660494e-07
	 2.117039e-01
	 2.117113e-01
	 7.446673e-06
152	 4.691358e-07
	 1.927123e-01
	 1.927197e-01
	 7.411043e-06
153	 4.722222e-07
	 1.736482e-01
	 1.736555e-01
	 7.367195e-06
154	 4.753086e-07
	 1.545188e-01
	 1.545261e-01
	 7.317201e-06
155	 4.783951e-07
	 1.353313e-01
	 1.353386e-01
	 7.262343e-06
156	 4.814815e-07
	 1.160929e-01
	 1.161001e-01
	 7.203312e-06
157	 4.845679e-07
	 9.681087e-02
	 9.681801e-02
	 7.140588e-06
158	 4.876543e-07
	 7.749242e-02
	 7.749950e-02
	 7.074440e-06
159	 4.907407e-07
	 5.814483e-02
	 5.815183e-02
	 7.005103e-06
160	 4.938272e-07
	 3.877537e-02
	 3.878230e-02
	 6.932723e-06
161	 4.969136e-07
	 1.939133e-02
	 1.939819e-02
	 6.857474e-06
162	 5.000000e-07
	 1.233548e-14
	 6.779439e-06
	 6.779439e-06
163	 5.030864e-07
	-1.939133e-02
	-1.938463e-02
	 6.699090e-06
164	 5.061728e-07
	-3.877537e-02
	-3.876875e-02
	 6.618365e-06
165	 5.092593e-07
	-5.814483e-02
	-5.813829e-02
	 6.538033e-06
166	 5.123457e-07
	-7.749242e-02
	-7.748596e-02
	 6.458120e-06
167	 5.154321e-07
	-9.681087e-02
	-9.680449e-02
	 6.378498e-06
168	 5.185185e-07
	-1.160929e-01
	-1.160866e-01
	 6.299198e-06
169	 5.216049e-07
	-1.353313e-01
	-1.353251e-01
	 6.220076e-06
170	 5.246914e-07
	-1.545188e-01
	-1.545127e-01
	 6.141191e-06
171	 5.277778e-07
	-1.736482e-01
	-1.736421e-01
	 6.062390e-06
172	 5.308642e-07
	-1.927123e-01
	-1.927063e-01
	 5.983754e-06
173	 5.339506e-07
	-2.117039e-01
	-2.116980e-01
	 5.905122e-06
174	 5.370370e-07
	-2.306159e-01
	-2.306100e-01
	 5.826597e-06
175	 5.401235e-07
	-2.494411e-01
	-2.494354e-01
	 5.748011e-06
176	 5.432099e-07
	-2.681726e-01
	-2.681669e-01
	 5.669483e-06
177	 5.462963e-07
	-2.868032e-01
	-2.867976e-01
	 5.590836e-06
178	 5.493827e-07
	-3.053260e-01
	-3.053205e-01
	 5.512210e-06
179	 5.524691e-07
	-3.237339e-01
	-3.237285e-01
	 5.433417e-06
180	 5.555556e-07
	-3.420201e-01
	-3.420148e-01
	 5.354613e-06
181	 5.586420e-07
	-3.601777e-01
	-3.601724e-01
	 5.275602e-06
182	 5.617284e-07
	-3.781999e-01
	-3.781947e-01
	 5.196555e-06
183	 5.648148e-07
	-3.960798e-01
	-3.960746e-01
	 5.117268e-06
184	 5.679012e-07
	-4.138107e-01
	-4.138057e-01
	 5.037925e-06
185	 5.709877e-07
	-4.313861e-01
	-4.313811e-01
	 4.958313e-06
186	 5.740741e-07
	-4.487992e-01
	-4.487943e-01
	 4.878631e-06
187	 5.771605e-07
	-4.660435e-01
	-4.660387e-01
	 4.798656e-06
188	 5.802469e-07
	-4.831126e-01
	-4.831079e-01
	 4.718600e-06
189	 5.833333e-07
	-5.000000e-01
	-4.999954e-01
	 4.638233e-06
190	 5.864198e-07
	-5.166994e-01
	-5.166948e-01
	 4.557777e-06
191	 5.895062e-07
	-5.332044e-01
	-5.332000e-01
	 4.476994e-06
192	 5.925926e-07
	-5.495090e-01
	-5.495046e-01
	 4.396117e-06
193	 5.956790e-07
	-5.656069e-01
	-5.656026e-01
	 4.314901e-06
194	 5.987654e-07
	-5.814921e-01
	-5.814878e-01
	 4.233590e-06
195	 6.018519e-07
	-5.971586e-01
	-5.971544e-01
	 4.151930e-06
196	 6.049383e-07
	-6.126005e-01
	-6.125965e-01
	 4.070175e-06
197	 6.080247e-07
	-6.278121e-01
	-6.278081e-01
	 3.988065e-06
198	 6.111111e-07
	-6.427876e-01
	-6.427837e-01
	 3.905861e-06
199	 6.141975e-07
	-6.575214e-01
	-6.575175e-01
	 3.823298e-06
200	 6.172840e-07
	-6.720079e-01
	-6.720041e-01
	 3.740644e-06
201	 6.203704e-07
	-6.862416e-01
	-6.862380e-01
	 3.657630e-06
202	 6.234568e-07
	-7.002173e-01
	-7.002138e-01
	 3.574530e-06
203	 6.265432e-07
	-7.139297e-01
	-7.139262e-01
	 3.491070e-06
204	 6.296296e-07
	-7.273736e-01
	-7.273702e-01
	 3.407528e-06
205	 6.327160e-07
	-7.405440e-01
	-7.405407e-01
	 3.323629e-06
206	 6.358025e-07
	-7.534359e-01
	-7.534327e-01
	 3.239655e-06
207	 6.388889e-07
	-7.660444e-01
	-7.660413e-01
	 3.155328e-06
208	 6.419753e-07
	-7.783649e-01
	-7.783618e-01
	 3.070932e-06
209	 6.450617e-07
	-7.903927e-01
	-7.903897e-01
	 2.986189e-06
210	 6.481481e-07
	-8.021232e-01
	-8.021203e-01
	 2.901386e-06
211	 6.512346e-07
	-8.135521e-01
	-8.135493e-01
	 2.816242e-06
212	 6.543210e-07
	-8.246750e-01
	-8.246723e-01
	 2.731046e-06
213	 6.574074e-07
	-8.354878e-01
	-8.354852e-01
	 2.645518e-06
214	 6.604938e-07
	-8.459864e-01
	-8.459839e-01
	 2.559945e-06
215	 6.635802e-07
	-8.561669e-01
	-8.561644e-01
	 2.474052e-06
216	 6.666667e-07
	-8.660254e-01
	-8.660230e-01
	 2.388122e-06
217	 6.697531e-07
	-8.755582e-01
	-8.755559e-01
	 2.301883e-06
218	 6.728395e-07
	-8.847618e-01
	-8.847596e-01
	 2.215616e-06
219	 6.759259e-07
	-8.936326e-01
	-8.936305e-01
	 2.129052e-06
220	 6.790123e-07
	-9.021674e-01
	-9.021654e-01
	 2.042469e-06
221	 6.820988e-07
	-9.103629e-01
	-9.103610e-01
	 1.955603e-06
222	 6.851852e-07
	-9.182161e-01
	-9.182142e-01
	 1.868727e-06
223	 6.882716e-07
	-9.257240e-01
	-9.257222e-01
	 1.781582e-06
224	 6.913580e-07
	-9.328837e-01
	-9.328820e-01
	 1.694435e-06
225	 6.944444e-07
	-9.396926e-01
	-9.396910e-01
	 1.607036e-06
226	 6.975309e-07
	-9.461482e-01
	-9.461466e-01
	 1.519643e-06
227	 7.006173e-07
	-9.522479e-01
	-9.522465e-01
	 1.432015e-06
228	 7.037037e-07
	-9.579895e-01
	-9.579882e-01
	 1.344402e-06
229	 7.067901e-07
	-9.633709e-01
	-9.633696e-01
	 1.256570e-06
230	 7.098765e-07
	-9.683900e-01
	-9.683888e-01
	 1.168762e-06
231	 7.129630e-07
	-9.730449e-01
	-9.730438e-01
	 1.080754e-06
232	 7.160494e-07
	-9.773339e-01
	-9.773329e-01
	 9.927769e-07
233	 7.191358e-07
	-9.812553e-01
	-9.812544e-01
	 9.046201e-07
234	 7.222222e-07
	-9.848078e-01
	-9.848069e-01
	 8.165008e-07
235	 7.253086e-07
	-9.879898e-01
	-9.879891e-01
	 7.282226e-07
236	 7.283951e-07
	-9.908004e-01
	-9.907998e-01
	 6.399885e-07
237	 7.314815e-07
	-9.932384e-01
	-9.932378e-01
	 5.516171e-07
238	 7.345679e-07
	-9.953028e-01
	-9.953023e-01
	 4.632957e-07
239	 7.376543e-07
	-9.969929e-01
	-9.969926e-01
	 3.748594e-07
240	 7.407407e-07
	-9.983082e-01
	-9.983079e-01
	 2.864786e-07
241	 7.438272e-07
	-9.992480e-01
	-9.992478e-01
	 1.980060e-07
242	 7.469136e-07
	-9.998120e-01
	-9.998119e-01
	 1.095940e-07
243	 7.500000e-07
	-1.000000e+00
	-1.000000e+00
	 2.111391e-08
244	 7.530864e-07
	-9.998120e-01
	-9.998120e-01
	-6.730124e-08
245	 7.561728e-07
	-9.992480e-01
	-9.992481e-01
	-1.557599e-07
246	 7.592593e-07
	-9.983082e-01
	-9.983084e-01
	-2.441499e-07
247	 7.623457e-07
	-9.969929e-01
	-9.969933e-01
	-3.325583e-07
248	 7.654321e-07
	-9.953028e-01
	-9.953032e-01
	-4.208950e-07
249	 7.685185e-07
	-9.932384e-01
	-9.932389e-01
	-5.092241e-07
250	 7.716049e-07
	-9.908004e-01
	-9.908010e-01
	-5.974793e-07
251	 7.746914e-07
	-9.879898e-01
	-9.879905e-01
	-6.857005e-07
252	 7.777778e-07
	-9.848078e-01
	-9.848085e-01
	-7.738461e-07
253	 7.808642e-07
	-9.812553e-01
	-9.812562e-01
	-8.619308e-07
254	 7.839506e-07
	-9.773339e-01
	-9.773348e-01
	-9.499392e-07
255	 7.870370e-07
	-9.730449e-01
	-9.730459e-01
	-1.037859e-06
256	 7.901235e-07
	-9.683900e-01
	-9.683911e-01
	-1.125703e-06
257	 7.932099e-07
	-9.633709e-01
	-9.633721e-01
	-1.213430e-06
258	 7.962963e-07
	-9.579895e-01
	-9.579908e-01
	-1.301081e-06
259	 7.993827e-07
	-9.522479e-01
	-9.522493e-01
	-1.388588e-06
260	 8.024691e-07
	-9.461482e-01
	-9.461496e-01
	-1.476021e-06
261	 8.055556e-07
	-9.396926e-01
	-9.396942e-01
	-1.563280e-06
262	 8.086420e-07
	-9.328837e-01
	-9.328854e-01
	-1.650469e-06
263	 8.117284e-07
	-9.257240e-01
	-9.257257e-01
	-1.737453e-06
264	 8.148148e-07
	-9.182161e-01
	-9.182179e-01
	-1.824372e-06
265	 8.179012e-07
	-9.103629e-01
	-9.103649e-01
	-1.911056e-06
266	 8.209877e-07
	-9.021674e-01
	-9.021694e-01
	-1.997680e-06
267	 8.240741e-07
	-8.936326e-01
	-8.936347e-01
	-2.084039e-06
268	 8.271605e-07
	-8.847618e-01
	-8.847640e-01
	-2.170344e-06
269	 8.302469e-07
	-8.755582e-01
	-8.755605e-01
	-2.256354e-06
270	 8.333333e-07
	-8.660254e-01
	-8.660277e-01
	-2.342317e-06
271	 8.364198e-07
	-8.561669e-01
	-8.561693e-01
	-2.427954e-06
272	 8.395062e-07
	-8.459864e-01
	-8.459889e-01
	-2.513552e-06
273	 8.425926e-07
	-8.354878e-01
	-8.354904e-01
	-2.598794e-06
274	 8.456790e-07
	-8.246750e-01
	-8.246777e-01
	-2.684008e-06
275	 8.487654e-07
	-8.135521e-01
	-8.135548e-01
	-2.768834e-06
276	 8.518519e-07
	-8.021232e-01
	-8.021260e-01
	-2.853643e-06
277	 8.549383e-07
	-7.903927e-01
	-7.903956e-01
	-2.938033e-06
278	 8.580247e-07
	-7.783649e-01
	-7.783679e-01
	-3.022419e-06
279	 8.611111e-07
	-7.660444e-01
	-7.660475e-01
	-3.106355e-06
280	 8.641975e-07
	-7.534359e-01
	-7.534391e-01
	-3.190302e-06
281	 8.672840e-07
	-7.405440e-01
	-7.405473e-01
	-3.273767e-06
282	 8.703704e-07
	-7.273736e-01
	-7.273770e-01
	-3.357260e-06
283	 8.734568e-07
	-7.139297e-01
	-7.139332e-01
	-3.440240e-06
284	 8.765432e-07
	-7.002173e-01
	-7.002209e-01
	-3.523267e-06
285	 8.796296e-07
	-6.862416e-01
	-6.862452e-01
	-3.605748e-06
286	 8.827160e-07
	-6.720079e-01
	-6.720115e-01
	-3.688298e-06
287	 8.858025e-07
	-6.575214e-01
	-6.575251e-01
	-3.770271e-06
288	 8.888889e-07
	-6.427876e-01
	-6.427915e-01
	-3.852336e-06
289	 8.919753e-07
	-6.278121e-01
	-6.278161e-01
	-3.933793e-06
290	 8.950617e-07
	-6.126005e-01
	-6.126046e-01
	-4.015369e-06
291	 8.981481e-07
	-5.971586e-01
	-5.971627e-01
	-4.096304e-06
292	 9.012346e-07
	-5.814921e-01
	-5.814962e-01
	-4.177388e-06
293	 9.043210e-07
	-5.656069e-01
	-5.656111e-01
	-4.257800e-06
294	 9.074074e-07
	-5.495090e-01
	-5.495133e-01
	-4.338395e-06
295	 9.104938e-07
	-5.332044e-01
	-5.332089e-01
	-4.418286e-06
296	 9.135802e-07
	-5.166994e-01
	-5.167039e-01
	-4.498398e-06
297	 9.166667e-07
	-5.000000e-01
	-5.000046e-01
	-4.577773e-06
298	 9.197531e-07
	-4.831126e-01
	-4.831173e-01
	-4.657413e-06
299	 9.228395e-07
	-4.660435e-01
	-4.660483e-01
	-4.736283e-06
300	 9.259259e-07
	-4.487992e-01
	-4.488040e-01
	-4.815466e-06
301	 9.290123e-07
	-4.313861e-01
	-4.313910e-01
	-4.893846e-06
302	 9.320988e-07
	-4.138107e-01
	-4.138157e-01
	-4.972596e-06
303	 9.351852e-07
	-3.960798e-01
	-3.960848e-01
	-5.050507e-06
304	 9.382716e-07
	-3.781999e-01
	-3.782050e-01
	-5.128853e-06
305	 9.413580e-07
	-3.601777e-01
	-3.601829e-01
	-5.206322e-06
306	 9.444444e-07
	-3.420201e-01
	-3.420254e-01
	-5.284302e-06
307	 9.475309e-07
	-3.237339e-01
	-3.237393e-01
	-5.361364e-06
308	 9.506173e-07
	-3.053260e-01
	-3.053314e-01
	-5.439027e-06
309	 9.537037e-07
	-2.868032e-01
	-2.868087e-01
	-5.515722e-06
310	 9.567901e-07
	-2.681726e-01
	-2.681782e-01
	-5.593129e-06
311	 9.598765e-07
	-2.494411e-01
	-2.494468e-01
	-5.669508e-06
312	 9.629630e-07
	-2.306159e-01
	-2.306216e-01
	-5.746734e-06
313	 9.660494e-07
	-2.117039e-01
	-2.117097e-01
	-5.822855e-06
314	 9.691358e-07
	-1.927123e-01
	-1.927182e-01
	-5.899995e-06
315	 9.722222e-07
	-1.736482e-01
	-1.736542e-01
	-5.975922e-06
316	 9.753086e-07
	-1.545188e-01
	-1.545248e-01
	-6.053100e-06
317	 9.783951e-07
	-1.353313e-01
	-1.353374e-01
	-6.128898e-06
318	 9.814815e-07
	-1.160929e-01
	-1.160991e-01
	-6.206282e-06
319	 9.845679e-07
	-9.681087e-02
	-9.681715e-02
	-6.281993e-06
320	 9.876543e-07
	-7.749242e-02
	-7.749878e-02
	-6.359845e-06
321	 9.907407e-07
	-5.814483e-02
	-5.815126e-02
	-6.435405e-06
322	 9.938272e-07
	-3.877537e-02
	-3.878189e-02
	-6.514303e-06
323	 9.969136e-07
	-1.939133e-02
	-1.939792e-02
	-6.588851e-06
324	 1.000000e-06
	-3.662929e-14
	-6.665022e-06
	-6.665022e-06
Title:  *test 
Date: Thu Jun 10 20:35:57 2021
Plotname: Harmonic Balance Steady State Spectrum
Flags: complex
No. Variables: 4
No. Points: 161
Command: version 0.1
Variables: 
	0	freq	Hz
	1	v(2)	V
	2	v(1)	V
	3	v1#branch	A
Values:
0	 0.000000e+00,  0.000000e+00
	 8.676001e-18,  0.000000e+00
	-7.176945e-05,  0.000000e+00
	-7.176945e-05,  0.000000e+00
1	 1.000000e+06,  0.000000e+00
	 2.431949e-17, -1.000000e+00
	-5.278394e-06, -9.998708e-01
	-5.278394e-06,  1.292350e-04
2	 2.000000e+06,  0.000000e+00
	 1.015943e-17, -6.740224e-18
	 9.259308e-05, -7.857360e-07
	 9.259308e-05, -7.857360e-07
3	 3.000000e+06,  0.000000e+00
	-6.030363e-18, -7.103681e-18
	-1.620008e-06, -4.906575e-05
	-1.620008e-06, -4.906575e-05
4	 4.000000e+06,  0.000000e+00
	-3.926605e-18,  3.000340e-17
	-1.423819e-05,  7.002265e-07
	-1.423819e-05,  7.002265e-07
5	 5.000000e+06,  0.000000e+00
	 9.635739e-18,  7.374204e-18
	-3.415506e-07, -3.984989e-06
	-3.415506e-07, -3.984989e-06
6	 6.000000e+06,  0.000000e+00
	 1.563585e-17,  1.960250e-18
	-7.354559e-06,  6.210124e-07
	-7.354559e-06,  6.210124e-07
7	 7.000000e+06,  0.000000e+00
	-6.946784e-18, -6.824621e-18
	 2.464296e-07,  3.331019e-06
	 2.464296e-07,  3.331019e-06
8	 8.000000e+06,  0.000000e+00
	 3.446064e-17,  4.321133e-17
	-8.944626e-07,  1.885252e-07
	-8.944626e-07,  1.885252e-07
9	 9.000000e+06,  0.000000e+00
	-6.375410e-18, -4.060600e-18
	 2.865512e-07,  2.119614e-06
	 2.865512e-07,  2.119614e-06
10	 1.000000e+07,  0.000000e+00
	-2.917957e-18,  1.719439e-17
	 1.010006e-06, -9.588279e-08
	 1.010006e-06, -9.588279e-08
11	 1.100000e+07,  0.000000e+00
	-1.569700e-17, -1.657867e-17
	 1.076845e-07,  3.643536e-07
	 1.076845e-07,  3.643536e-07
12	 1.200000e+07,  0.000000e+00
	-2.419305e-18, -4.745750e-18
	 7.612913e-07, -1.418234e-07
	 7.612913e-07, -1.418234e-07
13	 1.300000e+07,  0.000000e+00
	 4.106146e-18,  9.363842e-18
	-3.740613e-08, -3.258802e-07
	-3.740613e-08, -3.258802e-07
14	 1.400000e+07,  0.000000e+00
	-7.450952e-18, -2.892875e-17
	 1.818900e-07, -6.451727e-08
	 1.818900e-07, -6.451727e-08
15	 1.500000e+07,  0.000000e+00
	 1.144633e-17, -1.184077e-17
	-7.296330e-08, -2.962097e-07
	-7.296330e-08, -2.962097e-07
16	 1.600000e+07,  0.000000e+00
	 7.169673e-18,  4.600239e-18
	-1.005185e-07,  1.123946e-08
	-1.005185e-07,  1.123946e-08
17	 1.700000e+07,  0.000000e+00
	 3.072931e-17,  2.395618e-17
	-4.023380e-08, -9.311060e-08
	-4.023380e-08, -9.311060e-08
18	 1.800000e+07,  0.000000e+00
	 3.347314e-17,  1.188058e-17
	-1.163433e-07,  3.633898e-08
	-1.163433e-07,  3.633898e-08
19	 1.900000e+07,  0.000000e+00
	 9.664489e-18, -5.756009e-18
	-7.217637e-10,  2.641203e-08
	-7.217637e-10,  2.641203e-08
20	 2.000000e+07,  0.000000e+00
	 6.731987e-18,  6.358923e-19
	-4.572018e-08,  2.404261e-08
	-4.572018e-08,  2.404261e-08
21	 2.100000e+07,  0.000000e+00
	 4.870682e-18,  2.900304e-17
	 1.599925e-08,  4.426634e-08
	 1.599925e-08,  4.426634e-08
22	 2.200000e+07,  0.000000e+00
	-1.186034e-17,  2.002443e-17
	 4.190959e-09,  4.254838e-09
	 4.190959e-09,  4.254838e-09
23	 2.300000e+07,  0.000000e+00
	 2.654681e-17,  2.493503e-17
	 1.273526e-08,  2.103057e-08
	 1.273526e-08,  2.103057e-08
24	 2.400000e+07,  0.000000e+00
	-1.531472e-17,  2.190967e-17
	 1.572037e-08, -5.982832e-09
	 1.572037e-08, -5.982832e-09
25	 2.500000e+07,  0.000000e+00
	 6.582440e-18, -3.287848e-18
	 3.592941e-09,  1.082750e-09
	 3.592941e-09,  1.082750e-09
26	 2.600000e+07,  0.000000e+00
	-2.024805e-17,  2.296583e-17
	 8.797092e-09, -6.021978e-09
	 8.797092e-09, -6.021978e-09
27	 2.700000e+07,  0.000000e+00
	-7.316155e-18,  1.753527e-17
	-2.035350e-09, -4.856892e-09
	-2.035350e-09, -4.856892e-09
28	 2.800000e+07,  0.000000e+00
	-1.835736e-17,  4.977907e-17
	 1.367539e-09, -2.188880e-09
	 1.367539e-09, -2.188880e-09
29	 2.900000e+07,  0.000000e+00
	-1.294917e-17, -7.103982e-18
	-2.787439e-09, -3.067471e-09
	-2.787439e-09, -3.067471e-09
30	 3.000000e+07,  0.000000e+00
	-3.693535e-17,  8.633093e-18
	-1.166125e-09,  6.042335e-10
	-1.166125e-09,  6.042335e-10
31	 3.100000e+07,  0.000000e+00
	-2.054687e-17,  6.267512e-18
	-1.318588e-09, -5.719403e-10
	-1.318588e-09, -5.719403e-10
32	 3.200000e+07,  0.000000e+00
	-1.122828e-17, -1.336236e-17
	-7.319477e-10,  1.231056e-09
	-7.319476e-10,  1.231056e-09
33	 3.300000e+07,  0.000000e+00
	-2.280631e-17, -1.734727e-17
	-4.478642e-11,  2.511335e-10
	-4.478641e-11,  2.511335e-10
34	 3.400000e+07,  0.000000e+00
	-2.569503e-17,  3.487818e-18
	-3.412610e-13,  7.306224e-10
	-3.412402e-13,  7.306224e-10
35	 3.500000e+07,  0.000000e+00
	 1.235214e-17, -1.191007e-17
	 3.325229e-10,  5.582439e-11
	 3.325229e-10,  5.582438e-11
36	 3.600000e+07,  0.000000e+00
	-2.256579e-17, -1.204479e-17
	 1.190192e-10,  2.169102e-10
	 1.190192e-10,  2.169102e-10
37	 3.700000e+07,  0.000000e+00
	 5.078615e-18,  1.717084e-18
	 2.033710e-10, -1.435506e-10
	 2.033710e-10, -1.435506e-10
38	 3.800000e+07,  0.000000e+00
	-1.590465e-17, -5.823911e-18
	-6.532078e-11,  4.910216e-11
	-6.532077e-11,  4.910217e-11
39	 3.900000e+07,  0.000000e+00
	 2.387538e-18, -1.629260e-17
	 4.908320e-11, -6.009258e-11
	 4.908320e-11, -6.009256e-11
40	 4.000000e+07,  0.000000e+00
	 9.261594e-18, -1.005440e-17
	-1.434173e-10,  7.605234e-11
	-1.434173e-10,  7.605234e-11
41	 4.100000e+07,  0.000000e+00
	-1.016584e-18, -9.377377e-18
	 2.408568e-11,  1.068007e-10
	 2.408569e-11,  1.068007e-10
42	 4.200000e+07,  0.000000e+00
	-6.955302e-18, -2.285075e-17
	-4.902402e-11,  9.654797e-11
	-4.902401e-11,  9.654800e-11
43	 4.300000e+07,  0.000000e+00
	 5.391903e-18,  2.677766e-18
	 5.380413e-11,  1.625985e-10
	 5.380413e-11,  1.625985e-10
44	 4.400000e+07,  0.000000e+00
	-4.048052e-17,  1.307853e-18
	 7.637245e-11,  6.135367e-11
	 7.637248e-11,  6.135367e-11
45	 4.500000e+07,  0.000000e+00
	 1.633834e-17, -1.047349e-17
	 5.279898e-11,  1.014058e-10
	 5.279896e-11,  1.014058e-10
46	 4.600000e+07,  0.000000e+00
	 2.388800e-17, -2.254147e-17
	 1.228868e-10,  2.134715e-11
	 1.228868e-10,  2.134719e-11
47	 4.700000e+07,  0.000000e+00
	 2.209137e-17, -3.672367e-18
	 1.723825e-11,  1.822905e-11
	 1.723825e-11,  1.822904e-11
48	 4.800000e+07,  0.000000e+00
	-2.160514e-18, -7.444296e-18
	 9.317797e-11,  1.518243e-11
	 9.317798e-11,  1.518244e-11
49	 4.900000e+07,  0.000000e+00
	-3.690077e-18, -1.982102e-17
	-1.688826e-11, -2.092002e-11
	-1.688826e-11, -2.092000e-11
50	 5.000000e+07,  0.000000e+00
	 4.620950e-18, -9.998244e-18
	 4.233020e-11,  3.786595e-11
	 4.233019e-11,  3.786597e-11
51	 5.100000e+07,  0.000000e+00
	 9.163197e-18, -4.630407e-18
	-2.549104e-11, -1.226155e-11
	-2.549104e-11, -1.226155e-11
52	 5.200000e+07,  0.000000e+00
	 1.569872e-17,  2.081361e-17
	 1.285893e-11,  6.427348e-11
	 1.285891e-11,  6.427346e-11
53	 5.300000e+07,  0.000000e+00
	 3.423118e-17,  8.986642e-18
	-9.752805e-12,  1.330206e-11
	-9.752842e-12,  1.330204e-11
54	 5.400000e+07,  0.000000e+00
	 3.757028e-18, -4.447462e-18
	 9.699125e-12,  7.425373e-11
	 9.699120e-12,  7.425374e-11
55	 5.500000e+07,  0.000000e+00
	-1.626101e-17, -2.355221e-17
	 1.271485e-11,  3.201146e-11
	 1.271486e-11,  3.201150e-11
56	 5.600000e+07,  0.000000e+00
	-5.519385e-18, -1.245807e-17
	 1.947223e-11,  6.545756e-11
	 1.947223e-11,  6.545757e-11
57	 5.700000e+07,  0.000000e+00
	 2.614968e-17, -6.289473e-18
	 2.554475e-11,  3.736031e-11
	 2.554473e-11,  3.736031e-11
58	 5.800000e+07,  0.000000e+00
	 2.665270e-17,  2.136844e-17
	 2.876642e-11,  4.910484e-11
	 2.876641e-11,  4.910482e-11
59	 5.900000e+07,  0.000000e+00
	 3.203375e-17,  1.643439e-17
	 2.439738e-11,  3.414369e-11
	 2.439735e-11,  3.414367e-11
60	 6.000000e+07,  0.000000e+00
	 2.119687e-17,  2.460976e-17
	 3.160086e-11,  3.783654e-11
	 3.160083e-11,  3.783651e-11
61	 6.100000e+07,  0.000000e+00
	-2.801739e-17,  8.117435e-18
	 1.601167e-11,  3.030041e-11
	 1.601169e-11,  3.030041e-11
62	 6.200000e+07,  0.000000e+00
	 8.008129e-18,  3.399683e-17
	 3.031634e-11,  3.636101e-11
	 3.031635e-11,  3.636096e-11
63	 6.300000e+07,  0.000000e+00
	-1.721385e-17, -7.620498e-18
	 9.537742e-12,  2.859223e-11
	 9.537760e-12,  2.859224e-11
64	 6.400000e+07,  0.000000e+00
	 1.898777e-17, -2.277832e-19
	 2.758866e-11,  4.139899e-11
	 2.758861e-11,  4.139899e-11
65	 6.500000e+07,  0.000000e+00
	-3.030049e-18, -6.204834e-18
	 1.064607e-11,  2.968237e-11
	 1.064607e-11,  2.968238e-11
66	 6.600000e+07,  0.000000e+00
	 5.815128e-18,  9.107430e-18
	 2.639386e-11,  4.386528e-11
	 2.639386e-11,  4.386527e-11
67	 6.700000e+07,  0.000000e+00
	-9.829708e-18,  1.400281e-17
	 1.408220e-11,  3.100649e-11
	 1.408220e-11,  3.100648e-11
68	 6.800000e+07,  0.000000e+00
	-3.801421e-18,  2.663997e-17
	 2.578200e-11,  4.281022e-11
	 2.578201e-11,  4.281021e-11
69	 6.900000e+07,  0.000000e+00
	-9.564647e-18,  3.460083e-18
	 1.555358e-11,  3.283438e-11
	 1.555359e-11,  3.283438e-11
70	 7.000000e+07,  0.000000e+00
	-8.191343e-18,  4.963589e-18
	 2.680906e-11,  4.190464e-11
	 2.680906e-11,  4.190463e-11
71	 7.100000e+07,  0.000000e+00
	-7.685123e-18,  3.688950e-17
	 1.640726e-11,  3.291347e-11
	 1.640725e-11,  3.291343e-11
72	 7.200000e+07,  0.000000e+00
	-1.670361e-17,  1.899595e-17
	 2.684890e-11,  4.147920e-11
	 2.684892e-11,  4.147919e-11
73	 7.300000e+07,  0.000000e+00
	-4.476392e-17, -6.458510e-17
	 1.734951e-11,  3.310973e-11
	 1.734957e-11,  3.310979e-11
74	 7.400000e+07,  0.000000e+00
	 2.372458e-17,  2.017524e-17
	 2.649674e-11,  4.127400e-11
	 2.649671e-11,  4.127399e-11
75	 7.500000e+07,  0.000000e+00
	-4.102513e-18, -1.778708e-17
	 1.888316e-11,  3.376479e-11
	 1.888316e-11,  3.376481e-11
76	 7.600000e+07,  0.000000e+00
	 6.600598e-17, -6.706173e-18
	 2.628273e-11,  3.997767e-11
	 2.628266e-11,  3.997768e-11
77	 7.700000e+07,  0.000000e+00
	-2.396267e-17,  4.908410e-17
	 1.920831e-11,  3.468692e-11
	 1.920833e-11,  3.468689e-11
78	 7.800000e+07,  0.000000e+00
	-5.909310e-18,  2.634096e-18
	 2.626807e-11,  3.904402e-11
	 2.626808e-11,  3.904402e-11
79	 7.900000e+07,  0.000000e+00
	-8.173621e-18,  3.557846e-17
	 1.842833e-11,  3.617432e-11
	 1.842834e-11,  3.617428e-11
80	 8.000000e+07,  0.000000e+00
	-1.503517e-16, -4.541611e-17
	 2.769988e-11,  4.008706e-11
	 2.770001e-11,  4.008714e-11
81	 8.100000e+07,  0.000000e+00
	-3.321116e-17, -7.502832e-18
	 1.904091e-11,  3.610044e-11
	 1.904094e-11,  3.610045e-11
82	 8.200000e+07,  0.000000e+00
	 1.144268e-16,  4.941311e-17
	 2.845534e-11,  4.137155e-11
	 2.845524e-11,  4.137148e-11
83	 8.300000e+07,  0.000000e+00
	-2.155928e-17, -4.645027e-17
	 2.132236e-11,  3.547079e-11
	 2.132238e-11,  3.547084e-11
84	 8.400000e+07,  0.000000e+00
	-1.902785e-17,  1.838827e-17
	 2.796626e-11,  4.079171e-11
	 2.796628e-11,  4.079169e-11
85	 8.500000e+07,  0.000000e+00
	-2.303886e-18, -1.814891e-17
	 2.286922e-11,  3.579745e-11
	 2.286922e-11,  3.579748e-11
86	 8.600000e+07,  0.000000e+00
	-5.231384e-17, -4.765440e-18
	 2.741306e-11,  3.933734e-11
	 2.741309e-11,  3.933734e-11
87	 8.700000e+07,  0.000000e+00
	-1.614997e-18, -4.779095e-17
	 2.264539e-11,  3.723117e-11
	 2.264540e-11,  3.723122e-11
88	 8.800000e+07,  0.000000e+00
	 1.551167e-17, -2.278557e-17
	 2.832878e-11,  3.921338e-11
	 2.832876e-11,  3.921340e-11
89	 8.900000e+07,  0.000000e+00
	 1.476561e-17, -2.154414e-17
	 2.247063e-11,  3.769069e-11
	 2.247064e-11,  3.769073e-11
90	 9.000000e+07,  0.000000e+00
	 2.397310e-17, -2.094376e-17
	 2.914617e-11,  3.999468e-11
	 2.914615e-11,  3.999470e-11
91	 9.100000e+07,  0.000000e+00
	 4.762298e-18,  3.174995e-17
	 2.306490e-11,  3.765085e-11
	 2.306487e-11,  3.765083e-11
92	 9.200000e+07,  0.000000e+00
	-9.814254e-19, -1.304510e-17
	 2.942853e-11,  4.098591e-11
	 2.942852e-11,  4.098593e-11
93	 9.300000e+07,  0.000000e+00
	-1.907441e-17, -5.203097e-19
	 2.480200e-11,  3.778981e-11
	 2.480201e-11,  3.778981e-11
94	 9.400000e+07,  0.000000e+00
	 2.259009e-17, -1.509045e-17
	 2.948145e-11,  4.066527e-11
	 2.948142e-11,  4.066528e-11
95	 9.500000e+07,  0.000000e+00
	 6.271603e-18, -1.031965e-17
	 2.587770e-11,  3.828945e-11
	 2.587769e-11,  3.828945e-11
96	 9.600000e+07,  0.000000e+00
	 1.779057e-18, -1.224491e-17
	 2.947621e-11,  4.007134e-11
	 2.947619e-11,  4.007135e-11
97	 9.700000e+07,  0.000000e+00
	 4.428966e-17,  3.687713e-18
	 2.612193e-11,  3.983659e-11
	 2.612189e-11,  3.983659e-11
98	 9.800000e+07,  0.000000e+00
	-3.419259e-17,  2.426463e-17
	 3.161696e-11,  4.020503e-11
	 3.161699e-11,  4.020500e-11
99	 9.900000e+07,  0.000000e+00
	 2.537914e-17, -1.680765e-17
	 2.657140e-11,  3.880116e-11
	 2.657137e-11,  3.880118e-11
100	 1.000000e+08,  0.000000e+00
	-1.611447e-17, -2.654435e-17
	 3.188455e-11,  4.060856e-11
	 3.188458e-11,  4.060859e-11
101	 1.010000e+08,  0.000000e+00
	 2.486623e-17, -2.204218e-17
	 2.744425e-11,  3.806570e-11
	 2.744422e-11,  3.806572e-11
102	 1.020000e+08,  0.000000e+00
	 9.398648e-18, -4.734328e-18
	 3.095093e-11,  4.073057e-11
	 3.095092e-11,  4.073057e-11
103	 1.030000e+08,  0.000000e+00
	 1.515655e-17, -7.021103e-18
	 2.830668e-11,  3.900944e-11
	 2.830666e-11,  3.900946e-11
104	 1.040000e+08,  0.000000e+00
	 1.457842e-17, -1.760234e-17
	 3.089519e-11,  4.063611e-11
	 3.089518e-11,  4.063612e-11
105	 1.050000e+08,  0.000000e+00
	 1.002252e-17,  1.389879e-17
	 2.892560e-11,  4.046152e-11
	 2.892559e-11,  4.046150e-11
106	 1.060000e+08,  0.000000e+00
	 8.575728e-18, -2.070851e-17
	 3.216493e-11,  4.053969e-11
	 3.216492e-11,  4.053970e-11
107	 1.070000e+08,  0.000000e+00
	 3.099392e-17, -2.086625e-17
	 2.913927e-11,  4.100267e-11
	 2.913928e-11,  4.100269e-11
108	 1.080000e+08,  0.000000e+00
	 1.084241e-18,  5.113468e-19
	 3.375503e-11,  4.113287e-11
	 3.375503e-11,  4.113287e-11
109	 1.090000e+08,  0.000000e+00
	-4.424127e-18,  4.003324e-17
	 2.997032e-11,  4.028563e-11
	 2.997029e-11,  4.028559e-11
110	 1.100000e+08,  0.000000e+00
	 8.932436e-18,  5.797226e-18
	 3.424513e-11,  4.152086e-11
	 3.424511e-11,  4.152085e-11
111	 1.110000e+08,  0.000000e+00
	 1.983274e-17,  1.115516e-17
	 3.103718e-11,  3.956606e-11
	 3.103716e-11,  3.956605e-11
112	 1.120000e+08,  0.000000e+00
	 3.775423e-17, -2.139030e-17
	 3.355518e-11,  4.159581e-11
	 3.355516e-11,  4.159582e-11
113	 1.130000e+08,  0.000000e+00
	 6.053851e-17,  3.578334e-17
	 3.219226e-11,  4.044072e-11
	 3.219221e-11,  4.044069e-11
114	 1.140000e+08,  0.000000e+00
	-3.463284e-17,  4.153482e-17
	 3.386070e-11,  4.106397e-11
	 3.386074e-11,  4.106393e-11
115	 1.150000e+08,  0.000000e+00
	 4.264736e-17,  1.575113e-17
	 3.268668e-11,  4.154474e-11
	 3.268663e-11,  4.154472e-11
116	 1.160000e+08,  0.000000e+00
	-6.171563e-17,  5.974951e-17
	 3.555732e-11,  4.054646e-11
	 3.555736e-11,  4.054638e-11
117	 1.170000e+08,  0.000000e+00
	 5.670413e-19, -3.125326e-17
	 3.228372e-11,  4.073772e-11
	 3.228372e-11,  4.073775e-11
118	 1.180000e+08,  0.000000e+00
	 2.355910e-17,  1.556871e-17
	 3.567795e-11,  4.131810e-11
	 3.567794e-11,  4.131808e-11
119	 1.190000e+08,  0.000000e+00
	 9.178818e-18,  2.143374e-17
	 3.261594e-11,  4.048891e-11
	 3.261593e-11,  4.048890e-11
120	 1.200000e+08,  0.000000e+00
	-8.123629e-18,  2.983756e-17
	 3.510786e-11,  4.248639e-11
	 3.510786e-11,  4.248637e-11
121	 1.210000e+08,  0.000000e+00
	 6.297113e-18,  4.935708e-17
	 3.414879e-11,  4.181548e-11
	 3.414878e-11,  4.181543e-11
122	 1.220000e+08,  0.000000e+00
	-3.995912e-17,  2.839937e-17
	 3.613982e-11,  4.266066e-11
	 3.613986e-11,  4.266062e-11
123	 1.230000e+08,  0.000000e+00
	-2.625521e-17, -2.282185e-17
	 3.574687e-11,  4.238845e-11
	 3.574690e-11,  4.238846e-11
124	 1.240000e+08,  0.000000e+00
	-3.552690e-18,  2.425315e-18
	 3.749316e-11,  4.175979e-11
	 3.749316e-11,  4.175978e-11
125	 1.250000e+08,  0.000000e+00
	-1.882465e-18, -4.989990e-17
	 3.616681e-11,  4.227014e-11
	 3.616682e-11,  4.227017e-11
126	 1.260000e+08,  0.000000e+00
	-2.373115e-18,  1.153656e-18
	 3.890269e-11,  4.120743e-11
	 3.890270e-11,  4.120742e-11
127	 1.270000e+08,  0.000000e+00
	-1.286212e-17,  2.365405e-17
	 3.601100e-11,  4.080529e-11
	 3.601100e-11,  4.080528e-11
128	 1.280000e+08,  0.000000e+00
	-1.927222e-17,  1.919610e-18
	 3.828923e-11,  4.129944e-11
	 3.828925e-11,  4.129943e-11
129	 1.290000e+08,  0.000000e+00
	-8.498407e-18, -1.366495e-17
	 3.547758e-11,  4.067008e-11
	 3.547759e-11,  4.067009e-11
130	 1.300000e+08,  0.000000e+00
	 5.222999e-19,  1.580371e-17
	 3.727690e-11,  4.322127e-11
	 3.727689e-11,  4.322126e-11
131	 1.310000e+08,  0.000000e+00
	-1.328156e-17, -5.500057e-18
	 3.764015e-11,  4.248465e-11
	 3.764017e-11,  4.248464e-11
132	 1.320000e+08,  0.000000e+00
	 2.629530e-18, -1.232311e-17
	 3.844956e-11,  4.278242e-11
	 3.844955e-11,  4.278243e-11
133	 1.330000e+08,  0.000000e+00
	 3.767817e-17,  2.621729e-17
	 3.879832e-11,  4.333651e-11
	 3.879829e-11,  4.333648e-11
134	 1.340000e+08,  0.000000e+00
	 2.319112e-17, -9.934743e-18
	 4.037880e-11,  4.175560e-11
	 4.037876e-11,  4.175561e-11
135	 1.350000e+08,  0.000000e+00
	-6.381212e-18,  1.044874e-17
	 3.837217e-11,  4.245603e-11
	 3.837217e-11,  4.245601e-11
136	 1.360000e+08,  0.000000e+00
	-2.026280e-17, -2.719771e-17
	 4.084508e-11,  4.230063e-11
	 4.084513e-11,  4.230065e-11
137	 1.370000e+08,  0.000000e+00
	-2.695734e-18,  2.788828e-18
	 3.862352e-11,  4.204586e-11
	 3.862353e-11,  4.204586e-11
138	 1.380000e+08,  0.000000e+00
	 8.519289e-18,  4.334272e-18
	 4.098251e-11,  4.341526e-11
	 4.098250e-11,  4.341526e-11
139	 1.390000e+08,  0.000000e+00
	-2.601465e-18,  4.762882e-18
	 4.032282e-11,  4.207794e-11
	 4.032282e-11,  4.207793e-11
140	 1.400000e+08,  0.000000e+00
	-2.219947e-18,  7.063093e-19
	 4.115533e-11,  4.317474e-11
	 4.115534e-11,  4.317474e-11
141	 1.410000e+08,  0.000000e+00
	 2.670215e-18, -8.828864e-19
	 4.177499e-11,  4.254676e-11
	 4.177499e-11,  4.254676e-11
142	 1.420000e+08,  0.000000e+00
	-3.047002e-18,  1.860489e-17
	 4.198846e-11,  4.183581e-11
	 4.198846e-11,  4.183581e-11
143	 1.430000e+08,  0.000000e+00
	 2.304127e-17,  2.279174e-17
	 4.178307e-11,  4.245058e-11
	 4.178306e-11,  4.245056e-11
144	 1.440000e+08,  0.000000e+00
	-4.466795e-18, -4.628538e-19
	 4.263443e-11,  4.054202e-11
	 4.263443e-11,  4.054202e-11
145	 1.450000e+08,  0.000000e+00
	-4.268106e-17,  1.097984e-17
	 3.927078e-11,  4.192528e-11
	 3.927082e-11,  4.192529e-11
146	 1.460000e+08,  0.000000e+00
	 1.193152e-17,  1.730925e-17
	 4.212496e-11,  4.370934e-11
	 4.212494e-11,  4.370933e-11
147	 1.470000e+08,  0.000000e+00
	-1.682462e-17, -2.442839e-17
	 4.073108e-11,  4.304916e-11
	 4.073109e-11,  4.304919e-11
148	 1.480000e+08,  0.000000e+00
	 3.310742e-17, -1.090717e-17
	 4.304810e-11,  4.612850e-11
	 4.304806e-11,  4.612850e-11
149	 1.490000e+08,  0.000000e+00
	 3.314256e-18, -2.328671e-18
	 4.562618e-11,  4.388506e-11
	 4.562619e-11,  4.388507e-11
150	 1.500000e+08,  0.000000e+00
	 1.278290e-17,  2.710899e-18
	 4.533726e-11,  4.276013e-11
	 4.533724e-11,  4.276013e-11
151	 1.510000e+08,  0.000000e+00
	 1.890180e-17,  4.941390e-17
	 4.588998e-11,  4.208374e-11
	 4.588997e-11,  4.208370e-11
152	 1.520000e+08,  0.000000e+00
	-1.397975e-17, -1.218929e-17
	 4.476877e-11,  4.022747e-11
	 4.476877e-11,  4.022749e-11
153	 1.530000e+08,  0.000000e+00
	-9.316072e-18,  3.530773e-17
	 4.335681e-11,  4.236911e-11
	 4.335681e-11,  4.236907e-11
154	 1.540000e+08,  0.000000e+00
	-3.521193e-18,  2.236135e-17
	 4.502797e-11,  4.144809e-11
	 4.502797e-11,  4.144804e-11
155	 1.550000e+08,  0.000000e+00
	-1.035134e-17,  2.707095e-17
	 4.251534e-11,  4.325113e-11
	 4.251535e-11,  4.325110e-11
156	 1.560000e+08,  0.000000e+00
	 3.631274e-18,  4.405154e-18
	 4.735708e-11,  4.420872e-11
	 4.735708e-11,  4.420871e-11
157	 1.570000e+08,  0.000000e+00
	-3.485958e-17,  1.874509e-17
	 4.530561e-11,  4.107294e-11
	 4.530564e-11,  4.107293e-11
158	 1.580000e+08,  0.000000e+00
	-3.200147e-17,  4.990935e-18
	 4.769980e-11,  4.296016e-11
	 4.769983e-11,  4.296015e-11
159	 1.590000e+08,  0.000000e+00
	-2.141450e-17,  4.716296e-18
	 4.379060e-11,  3.417806e-11
	 4.379062e-11,  3.417805e-11
160	 1.600000e+08,  0.000000e+00
	-1.101098e-17,  1.144820e-17
	 2.292689e-11,  4.461816e-11
	 2.292690e-11,  4.461816e-11
